<?xml version="1.0" encoding="UTF-8"?>
<testsuite xmlns:xsi="http://www.w3.org/2001/XMLSchema-instance" xsi:noNamespaceSchemaLocation="https://maven.apache.org/surefire/maven-surefire-plugin/xsd/surefire-test-report.xsd" name="vn.edu.vtc.dal.CustomerDalTest" time="4.016" tests="40" errors="0" skipped="0" failures="0">
  <properties>
[...]
</properties>
  <testcase name="getAllDalTest" classname="vn.edu.vtc.dal.CustomerDalTest" time="0.014"/>
  <testcase name="login1" classname="vn.edu.vtc.dal.CustomerDalTest" time="0.061"/>
  <testcase name="login2" classname="vn.edu.vtc.dal.CustomerDalTest" time="0.018"/>
  <testcase name="login3" classname="vn.edu.vtc.dal.CustomerDalTest" time="0.023"/>
  <testcase name="login4" classname="vn.edu.vtc.dal.CustomerDalTest" time="0.025"/>
  <testcase name="updateCustomerPasswordTest1" classname="vn.edu.vtc.dal.CustomerDalTest" time="0.103"/>
  <testcase name="updateCustomerPasswordTest2" classname="vn.edu.vtc.dal.CustomerDalTest" time="0.106"/>
  <testcase name="updateCustomerPasswordTest3" classname="vn.edu.vtc.dal.CustomerDalTest" time="0.078"/>
  <testcase name="insertAddressTest1" classname="vn.edu.vtc.dal.CustomerDalTest" time="0.1"/>
  <testcase name="insertAddressTest2" classname="vn.edu.vtc.dal.CustomerDalTest" time="0.221"/>
  <testcase name="insertAddressTest3" classname="vn.edu.vtc.dal.CustomerDalTest" time="0.189"/>
  <testcase name="insertAddressTest4" classname="vn.edu.vtc.dal.CustomerDalTest" time="0.12"/>
  <testcase name="updateAddressTest1" classname="vn.edu.vtc.dal.CustomerDalTest" time="0.046"/>
  <testcase name="updateAddressTest2" classname="vn.edu.vtc.dal.CustomerDalTest" time="0.046"/>
  <testcase name="updateStaterAddressTest1" classname="vn.edu.vtc.dal.CustomerDalTest" time="0.016"/>
  <testcase name="searchAddressTest1" classname="vn.edu.vtc.dal.CustomerDalTest" time="0.277"/>
  <testcase name="updateCustomerBirthTest1" classname="vn.edu.vtc.dal.CustomerDalTest" time="0.07"/>
  <testcase name="updateCustomerBirthTest2" classname="vn.edu.vtc.dal.CustomerDalTest" time="0.089"/>
  <testcase name="updateCustomerBirthTest3" classname="vn.edu.vtc.dal.CustomerDalTest" time="0.099"/>
  <testcase name="getAllCustomerTest1" classname="vn.edu.vtc.dal.CustomerDalTest" time="0.012"/>
  <testcase name="updateCustomerEmailTest1" classname="vn.edu.vtc.dal.CustomerDalTest" time="0.108"/>
  <testcase name="updateCustomerEmailTest2" classname="vn.edu.vtc.dal.CustomerDalTest" time="0.203"/>
  <testcase name="updateCustomerEmailTest3" classname="vn.edu.vtc.dal.CustomerDalTest" time="0.212"/>
  <testcase name="updateDefaultAddressTest1" classname="vn.edu.vtc.dal.CustomerDalTest" time="0.021"/>
  <testcase name="updateCustomerNameTest1" classname="vn.edu.vtc.dal.CustomerDalTest" time="0.091"/>
  <testcase name="updateCustomerNameTest2" classname="vn.edu.vtc.dal.CustomerDalTest" time="0.088"/>
  <testcase name="updateCustomerNameTest3" classname="vn.edu.vtc.dal.CustomerDalTest" time="0.064"/>
  <testcase name="updateCustomerGenderTest1" classname="vn.edu.vtc.dal.CustomerDalTest" time="0.066"/>
  <testcase name="updateCustomerGenderTest2" classname="vn.edu.vtc.dal.CustomerDalTest" time="0.111"/>
  <testcase name="displayAddressTest1" classname="vn.edu.vtc.dal.CustomerDalTest" time="0.176"/>
  <testcase name="updatePhoneAddressTest1" classname="vn.edu.vtc.dal.CustomerDalTest" time="0.114"/>
  <testcase name="updatePhoneAddressTest2" classname="vn.edu.vtc.dal.CustomerDalTest" time="0.111"/>
  <testcase name="updatePhoneAddressTest3" classname="vn.edu.vtc.dal.CustomerDalTest" time="0.117"/>
  <testcase name="updateCustomerPhoneTest1" classname="vn.edu.vtc.dal.CustomerDalTest" time="0.116"/>
  <testcase name="updateCustomerPhoneTest2" classname="vn.edu.vtc.dal.CustomerDalTest" time="0.155"/>
  <testcase name="updateCustomerPhoneTest3" classname="vn.edu.vtc.dal.CustomerDalTest" time="0.134"/>
  <testcase name="detailCustomerTest" classname="vn.edu.vtc.dal.CustomerDalTest" time="0.01"/>
  <testcase name="updateNameAddressTest1" classname="vn.edu.vtc.dal.CustomerDalTest" time="0.085"/>
  <testcase name="updateNameAddressTest2" classname="vn.edu.vtc.dal.CustomerDalTest" time="0.138"/>
  <testcase name="updateNameAddressTest3" classname="vn.edu.vtc.dal.CustomerDalTest" time="0.162"/>
</testsuite>